<?xml version="1.0" encoding="utf-8"?><testsuites name="pytest tests"><testsuite name="pytest" errors="0" failures="0" skipped="0" tests="7" time="2.824" timestamp="2026-06-10T19:54:35.218127+00:00" hostname="agent-env-c74623cf-069a-41a7-ac71-2d2fda20e820"><testcase classname="backend.tests.test_new_features.TestContactForm" name="test_submit_contact_with_new_fields" time="0.631" /><testcase classname="backend.tests.test_new_features.TestContactForm" name="test_submit_contact_without_optional_fields" time="0.317" /><testcase classname="backend.tests.test_new_features.TestAdminEndpoints" name="test_get_admin_leads" time="0.164" /><testcase classname="backend.tests.test_new_features.TestAdminEndpoints" name="test_admin_leads_no_underscore_id" time="0.143" /><testcase classname="backend.tests.test_new_features.TestAdminEndpoints" name="test_admin_leads_new_fields_persisted" time="0.823" /><testcase classname="backend.tests.test_new_features.TestAdminEndpoints" name="test_get_admin_stats" time="0.139" /><testcase classname="backend.tests.test_new_features.TestAdminEndpoints" name="test_admin_stats_counts_increase_after_submission" time="0.538" /></testsuite></testsuites>