<?xml version="1.0" encoding="utf-8"?><testsuites name="pytest tests"><testsuite name="pytest" errors="0" failures="0" skipped="0" tests="4" time="0.887" timestamp="2026-06-10T15:59:29.629357+00:00" hostname="agent-env-c74623cf-069a-41a7-ac71-2d2fda20e820"><testcase classname="backend.tests.test_contact.TestContactAPI" name="test_health" time="0.321" /><testcase classname="backend.tests.test_contact.TestContactAPI" name="test_contact_submit_success" time="0.153" /><testcase classname="backend.tests.test_contact.TestContactAPI" name="test_contact_missing_required_field" time="0.113" /><testcase classname="backend.tests.test_contact.TestContactAPI" name="test_contact_no_message_field" time="0.146" /></testsuite></testsuites>